Arguments: 
  /data/data/com.termux/files/usr/bin/node /data/data/com.termux/files/usr/share/yarn/bin/yarn.js

PATH: 
  /data/data/com.termux/files/usr/bin

Yarn version: 
  1.22.19

Node version: 
  19.4.0

Platform: 
  android arm

Trace: 
  Error: EPERM: operation not permitted, symlink '../../../../pino/bin.js' -> '/storage/emulated/0/script/DhaniV3/node_modules/@adiwajshing/baileys/node_modules/.bin/pino'

npm manifest: 
  {
    "name": "Okta",
    "version": "1.2.3",
    "description": "WhatsApp Using Lib Baileys Multi Device",
    "main": "index.js",
    "type": "commonjs",
    "scripts": {
      "start": "node index.js"
    },
    "keywords": [
      "termux",
      "whatsapp",
      "2021",
      "wabase-md",
      "base",
      "baileys-md",
      "bot",
      "bot-md",
      "multi-device"
    ],
    "author": "OKTA",
    "license": "MIT",
    "dependencies": {
      "@adiwajshing/baileys": "^4.4.0",
      "@adiwajshing/keyed-db": "^0.2.4",
      "@bochilteam/scraper": "^3.0.0",
      "awesome-phonenumber": "^2.64.0",
      "axios": "^0.24.0",
      "cfonts": "^2.9.0",
      "chalk": "^4.1.2",
      "cheerio": "^1.0.0-rc.10",
      "child_process": "^1.0.2",
      "cookie": "^0.5.0",
      "crypto": "^1.0.1",
      "file-type": "^16.5.3",
      "fluent-ffmpeg": "^2.1.2",
      "fs": "0.0.1-security",
      "fs-extra": "^10.0.0",
      "got": "^11.8.3",
      "emoji-api": "^1.0.2",
      "g-i-s": "^2.1.6",
      "human-readable": "^0.2.1",
      "jimp": "^0.16.1",
      "jsdom": "^16.4.0",
      "lowdb": "^2.1.0",
      "lodash": "^4.17.21",
      "mongoose": "^6.2.1",
      "moment-timezone": "^0.5.34",
      "ms": "^2.1.3",
      "node-cron": "^3.0.0",
      "node-fetch": "^2.6.1",
      "node-webpmux": "^3.1.0",
      "os": "^0.1.2",
      "path": "^0.12.7",
      "perf_hooks": "0.0.1",
      "pino": "^7.0.5",
      "performance-now": "^2.1.0",
      "qrcode": "^1.5.0",
      "qrcode-terminal": "^0.12.0",
      "request": "^2.88.2",
      "remove.bg": "^1.3.0",
      "rimraf": "^3.0.2",
      "mathjs": "^11.5.0",
      "util": "^0.12.4",
      "yargs": "^17.2.1",
      "yt-search": "^2.10.2"
    },
    "directories": {
      "lib": "lib",
      "src": "src"
    },
    "devDependencies": {},
    "repository": {
      "type": "git",
      "url": "git+https://github.com/BOTZ-DHANI/DhaniV1-NoModules.git"
    },
    "bugs": {
      "url": "https://github.com/BOTZ-DHANI/DhaniV1-NoModules/issues"
    },
    "homepage": "https://github.com/BOTZ-DHANI/DhaniV1-NoModules#readme"
  }

yarn manifest: 
  No manifest

Lockfile: 
  No lockfile
